<?xml version="1.0" encoding="UTF-8"?>
<testsuite xmlns:xsi="http://www.w3.org/2001/XMLSchema-instance" xsi:noNamespaceSchemaLocation="https://maven.apache.org/surefire/maven-surefire-plugin/xsd/surefire-test-report.xsd" name="com.tus.control.MedAvailControllerImplTest" time="0.896" tests="9" errors="0" skipped="0" failures="0">
  <properties>
[...]
</properties>
  <testcase name="testMedAvailDAOExceptionCustomer" classname="com.tus.control.MedAvailControllerImplTest" time="0.036"/>
  <testcase name="testOneItemOnPrescriptionSuccess" classname="com.tus.control.MedAvailControllerImplTest" time="0.002"/>
  <testcase name="testOneItemOnPrescriptionCheckStockException" classname="com.tus.control.MedAvailControllerImplTest" time="0.002"/>
  <testcase name="testPrescriptionNotFoundException" classname="com.tus.control.MedAvailControllerImplTest" time="0.005"/>
  <testcase name="testTwoItemsOnPrescriptionSuccess" classname="com.tus.control.MedAvailControllerImplTest" time="0.002"/>
  <testcase name="testCustomerNotFoundException" classname="com.tus.control.MedAvailControllerImplTest" time="0.002"/>
  <testcase name="testMedAvailDAOExceptionPrescription" classname="com.tus.control.MedAvailControllerImplTest" time="0.001"/>
  <testcase name="testOneItemOnPrescriptionPayPal" classname="com.tus.control.MedAvailControllerImplTest" time="0.002"/>
  <testcase name="testOutOfStockDAOException" classname="com.tus.control.MedAvailControllerImplTest" time="0.002"/>
</testsuite>